<?xml version="1.0" encoding="UTF-8"?>
<testsuite name="userRegistrationTest" tests="1" skipped="0" failures="0" errors="0" timestamp="2020-04-21T07:17:00" hostname="TANVEER-PC" time="0.004">
  <properties/>
  <testcase name="givenPasswordMinimumEightCharacters_WhenNotProper_ShouldReturnFalse" classname="userRegistrationTest" time="0.004"/>
  <system-out><![CDATA[]]></system-out>
  <system-err><![CDATA[]]></system-err>
</testsuite>
