<?xml version="1.0" encoding="UTF-8"?>
<testsuite name="userRegistrationTest" tests="1" skipped="0" failures="0" errors="0" timestamp="2020-04-20T18:43:33" hostname="TANVEER-PC" time="0.069">
  <properties/>
  <testcase name="givenEmailId_WhenProper_ShouldReturnTrue" classname="userRegistrationTest" time="0.069"/>
  <system-out><![CDATA[]]></system-out>
  <system-err><![CDATA[]]></system-err>
</testsuite>
