<?xml version="1.0" encoding="UTF-8"?>
<testsuite name="userRegistrationTest" tests="1" skipped="0" failures="0" errors="0" timestamp="2020-04-20T19:03:18" hostname="TANVEER-PC" time="0.032">
  <properties/>
  <testcase name="givenMobileNumber_WhenProper_ShouldReturnTrue" classname="userRegistrationTest" time="0.032"/>
  <system-out><![CDATA[]]></system-out>
  <system-err><![CDATA[]]></system-err>
</testsuite>
